<?xml version="1.0" encoding="UTF-8"?>
<!-- Generated by org.testng.reporters.JUnitReportReporter -->
<testsuite skipped="0" hostname="DESKTOP-6F6T2NA" name="com.axis.pages.BaseClass" tests="1" failures="0" timestamp="25 Mar 2019 11:31:15 GMT" time="0.036" errors="0">
  <testcase name="test" time="0.036" classname="com.axis.pages.BaseClass"/>
</testsuite> <!-- com.axis.pages.BaseClass -->
