<?xml version="1.0" encoding="UTF-8"?>
<!-- Generated by org.testng.reporters.JUnitReportReporter -->
<testsuite skipped="0" hostname="DESKTOP-6F6T2NA" name="com.axis.testcases.SuAdminLoginPage" tests="2" failures="0" timestamp="27 Mar 2019 04:20:29 GMT" time="10.562" errors="0">
  <testcase name="verifyToLogin" time="10.510" classname="com.axis.testcases.SuAdminLoginPage"/>
  <testcase name="VerifySuAdminPage" time="0.052" classname="com.axis.testcases.SuAdminLoginPage"/>
</testsuite> <!-- com.axis.testcases.SuAdminLoginPage -->
