<?xml version="1.0" encoding="UTF-8"?>
<!-- Generated by org.testng.reporters.JUnitReportReporter -->
<testsuite skipped="0" hostname="DESKTOP-6F6T2NA" name="com.axis.testcases.LoginToAxis" tests="1" failures="0" timestamp="26 Mar 2019 11:01:51 GMT" time="8.436" errors="0">
  <testcase name="verifyToLogin" time="8.436" classname="com.axis.testcases.LoginToAxis"/>
</testsuite> <!-- com.axis.testcases.LoginToAxis -->
